Determining if the pthread_create exist failed with the following output:
Change Dir: /home/jh/Downloads/SensorsCalibration/lidar2camera/manual_calib/build/CMakeFiles/CMakeTmp

Run Build Command:"/usr/bin/make" "cmTC_fd40a/fast"
/usr/bin/make -f CMakeFiles/cmTC_fd40a.dir/build.make CMakeFiles/cmTC_fd40a.dir/build
make[1]: Entering directory '/home/jh/Downloads/SensorsCalibration/lidar2camera/manual_calib/build/CMakeFiles/CMakeTmp'
Building C object CMakeFiles/cmTC_fd40a.dir/CheckSymbolExists.c.o
/usr/bin/cc    -o CMakeFiles/cmTC_fd40a.dir/CheckSymbolExists.c.o   -c /home/jh/Downloads/SensorsCalibration/lidar2camera/manual_calib/build/CMakeFiles/CMakeTmp/CheckSymbolExists.c
Linking C executable cmTC_fd40a
/usr/bin/cmake -E cmake_link_script CMakeFiles/cmTC_fd40a.dir/link.txt --verbose=1
/usr/bin/cc      -rdynamic CMakeFiles/cmTC_fd40a.dir/CheckSymbolExists.c.o  -o cmTC_fd40a 
CMakeFiles/cmTC_fd40a.dir/CheckSymbolExists.c.o: In function `main':
CheckSymbolExists.c:(.text+0x1b): undefined reference to `pthread_create'
collect2: error: ld returned 1 exit status
CMakeFiles/cmTC_fd40a.dir/build.make:97: recipe for target 'cmTC_fd40a' failed
make[1]: *** [cmTC_fd40a] Error 1
make[1]: Leaving directory '/home/jh/Downloads/SensorsCalibration/lidar2camera/manual_calib/build/CMakeFiles/CMakeTmp'
Makefile:126: recipe for target 'cmTC_fd40a/fast' failed
make: *** [cmTC_fd40a/fast] Error 2

File /home/jh/Downloads/SensorsCalibration/lidar2camera/manual_calib/build/CMakeFiles/CMakeTmp/CheckSymbolExists.c:
/* */
#include <pthread.h>

int main(int argc, char** argv)
{
  (void)argv;
#ifndef pthread_create
  return ((int*)(&pthread_create))[argc];
#else
  (void)argc;
  return 0;
#endif
}

Determining if the function pthread_create exists in the pthreads failed with the following output:
Change Dir: /home/jh/Downloads/SensorsCalibration/lidar2camera/manual_calib/build/CMakeFiles/CMakeTmp

Run Build Command:"/usr/bin/make" "cmTC_26fc1/fast"
/usr/bin/make -f CMakeFiles/cmTC_26fc1.dir/build.make CMakeFiles/cmTC_26fc1.dir/build
make[1]: Entering directory '/home/jh/Downloads/SensorsCalibration/lidar2camera/manual_calib/build/CMakeFiles/CMakeTmp'
Building C object CMakeFiles/cmTC_26fc1.dir/CheckFunctionExists.c.o
/usr/bin/cc   -DCHECK_FUNCTION_EXISTS=pthread_create   -o CMakeFiles/cmTC_26fc1.dir/CheckFunctionExists.c.o   -c /usr/share/cmake-3.10/Modules/CheckFunctionExists.c
Linking C executable cmTC_26fc1
/usr/bin/cmake -E cmake_link_script CMakeFiles/cmTC_26fc1.dir/link.txt --verbose=1
/usr/bin/cc  -DCHECK_FUNCTION_EXISTS=pthread_create    -rdynamic CMakeFiles/cmTC_26fc1.dir/CheckFunctionExists.c.o  -o cmTC_26fc1 -lpthreads 
/usr/bin/ld: cannot find -lpthreads
collect2: error: ld returned 1 exit status
CMakeFiles/cmTC_26fc1.dir/build.make:97: recipe for target 'cmTC_26fc1' failed
make[1]: *** [cmTC_26fc1] Error 1
make[1]: Leaving directory '/home/jh/Downloads/SensorsCalibration/lidar2camera/manual_calib/build/CMakeFiles/CMakeTmp'
Makefile:126: recipe for target 'cmTC_26fc1/fast' failed
make: *** [cmTC_26fc1/fast] Error 2


